#
# There is insufficient memory for the Java Runtime Environment to continue.
# Native memory allocation (malloc) failed to allocate 1551056 bytes for Chunk::new
# Possible reasons:
#   The system is out of physical RAM or swap space
#   The process is running with CompressedOops enabled, and the Java Heap may be blocking the growth of the native heap
# Possible solutions:
#   Reduce memory load on the system
#   Increase physical memory or swap space
#   Check if swap backing store is full
#   Decrease Java heap size (-Xmx/-Xms)
#   Decrease number of Java threads
#   Decrease Java thread stack sizes (-Xss)
#   Set larger code cache with -XX:ReservedCodeCacheSize=
#   JVM is running with Unscaled Compressed Oops mode in which the Java heap is
#     placed in the first 4GB address space. The Java Heap base address is the
#     maximum limit for the native heap growth. Please use -XX:HeapBaseMinAddress
#     to set the Java Heap base and to place the Java Heap above 4GB virtual address.
# This output file may be truncated or incomplete.
#
#  Out of Memory Error (./src/hotspot/share/memory/arena.cpp:197), pid=28356, tid=16360
#
# JRE version: OpenJDK Runtime Environment Temurin-11.0.14.1+1 (11.0.14.1+1) (build 11.0.14.1+1)
# Java VM: OpenJDK 64-Bit Server VM Temurin-11.0.14.1+1 (11.0.14.1+1, mixed mode, tiered, compressed oops, g1 gc, windows-amd64)
# No core dump will be written. Minidumps are not enabled by default on client versions of Windows
#

---------------  S U M M A R Y ------------

Command Line: -Djava.awt.headless=true -Dscanner.home=C:\sonar-scanner-4.7.0.2747-windows\bin\.. -Dproject.home=C:\xampp\htdocs\PHPInVisualStudioCode org.sonarsource.scanner.cli.Main

Host: Intel(R) Core(TM) i5-8265U CPU @ 1.60GHz, 8 cores, 7G,  Windows 10 , 64 bit Build 19041 (10.0.19041.1503)
Time: Sat May  7 12:46:16 2022 Sri Lanka Standard Time elapsed time: 33.494650 seconds (0d 0h 0m 33s)

---------------  T H R E A D  ---------------

Current thread (0x000001f2cbeb7800):  JavaThread "C2 CompilerThread0" daemon [_thread_in_native, id=16360, stack(0x0000006fd9b00000,0x0000006fd9c00000)]


Current CompileTask:
C2:  33494 3847   !   4       java.lang.reflect.Executable::declaredAnnotations (85 bytes)

Stack: [0x0000006fd9b00000,0x0000006fd9c00000]
Native frames: (J=compiled Java code, j=interpreted, Vv=VM code, C=native code)
V  [jvm.dll+0x61e59a]
V  [jvm.dll+0x7aaca9]
V  [jvm.dll+0x7ac398]
V  [jvm.dll+0x7aca73]
V  [jvm.dll+0x24f9b8]
V  [jvm.dll+0xc260c]
V  [jvm.dll+0xc2bcc]
V  [jvm.dll+0x359a07]
V  [jvm.dll+0x325b93]
V  [jvm.dll+0x324eca]
V  [jvm.dll+0x208c05]
V  [jvm.dll+0x207ded]
V  [jvm.dll+0x18a2c1]
V  [jvm.dll+0x217734]
V  [jvm.dll+0x21597b]
V  [jvm.dll+0x76d7c0]
V  [jvm.dll+0x766724]
V  [jvm.dll+0x61d3f6]
C  [ucrtbase.dll+0x21bb2]
C  [KERNEL32.DLL+0x17034]
C  [ntdll.dll+0x52651]


---------------  P R O C E S S  ---------------

Threads class SMR info:
_java_thread_list=0x000001f2ce37c0b0, length=18, elements={
0x000001f2af2fe000, 0x000001f2cb69d800, 0x000001f2cb699800, 0x000001f2cbeaf000,
0x000001f2cbeb3000, 0x000001f2cbeb4800, 0x000001f2cbeb7800, 0x000001f2cbec4000,
0x000001f2cbec7000, 0x000001f2cc054800, 0x000001f2cc5fe800, 0x000001f2cc5ff800,
0x000001f2ccadb000, 0x000001f2cd877000, 0x000001f2ce0c5000, 0x000001f2cc29b800,
0x000001f2cc0c7000, 0x000001f2ce30e000
}

Java Threads: ( => current thread )
  0x000001f2af2fe000 JavaThread "main" [_thread_in_native, id=23780, stack(0x0000006fd8f00000,0x0000006fd9000000)]
  0x000001f2cb69d800 JavaThread "Reference Handler" daemon [_thread_blocked, id=28240, stack(0x0000006fd9600000,0x0000006fd9700000)]
  0x000001f2cb699800 JavaThread "Finalizer" daemon [_thread_blocked, id=27904, stack(0x0000006fd9700000,0x0000006fd9800000)]
  0x000001f2cbeaf000 JavaThread "Signal Dispatcher" daemon [_thread_blocked, id=6452, stack(0x0000006fd9800000,0x0000006fd9900000)]
  0x000001f2cbeb3000 JavaThread "Attach Listener" daemon [_thread_blocked, id=12180, stack(0x0000006fd9900000,0x0000006fd9a00000)]
  0x000001f2cbeb4800 JavaThread "Service Thread" daemon [_thread_blocked, id=26524, stack(0x0000006fd9a00000,0x0000006fd9b00000)]
=>0x000001f2cbeb7800 JavaThread "C2 CompilerThread0" daemon [_thread_in_native, id=16360, stack(0x0000006fd9b00000,0x0000006fd9c00000)]
  0x000001f2cbec4000 JavaThread "C1 CompilerThread0" daemon [_thread_blocked, id=13604, stack(0x0000006fd9c00000,0x0000006fd9d00000)]
  0x000001f2cbec7000 JavaThread "Sweeper thread" daemon [_thread_blocked, id=27932, stack(0x0000006fd9d00000,0x0000006fd9e00000)]
  0x000001f2cc054800 JavaThread "Common-Cleaner" daemon [_thread_blocked, id=27228, stack(0x0000006fd9f00000,0x0000006fda000000)]
  0x000001f2cc5fe800 JavaThread "OkHttp ConnectionPool" daemon [_thread_blocked, id=11160, stack(0x0000006fda300000,0x0000006fda400000)]
  0x000001f2cc5ff800 JavaThread "Okio Watchdog" daemon [_thread_blocked, id=27480, stack(0x0000006fda400000,0x0000006fda500000)]
  0x000001f2ccadb000 JavaThread "OkHttp TaskRunner" daemon [_thread_blocked, id=8760, stack(0x0000006fda000000,0x0000006fda100000)]
  0x000001f2cd877000 JavaThread "Okio Watchdog" daemon [_thread_blocked, id=23140, stack(0x0000006fda600000,0x0000006fda700000)]
  0x000001f2ce0c5000 JavaThread "HttpClient-1-SelectorManager" daemon [_thread_in_native, id=15016, stack(0x0000006fdaa00000,0x0000006fdab00000)]
  0x000001f2cc29b800 JavaThread "JGit-FileStoreAttributeReader-1" daemon [_thread_blocked, id=23220, stack(0x0000006fda900000,0x0000006fdaa00000)]
  0x000001f2cc0c7000 JavaThread "JGit-WorkQueue" daemon [_thread_blocked, id=27424, stack(0x0000006fdab00000,0x0000006fdac00000)]
  0x000001f2ce30e000 JavaThread "C2 CompilerThread1" daemon [_thread_blocked, id=27796, stack(0x0000006fdad00000,0x0000006fdae00000)]

Other Threads:
  0x000001f2cb68c800 VMThread "VM Thread" [stack: 0x0000006fd9500000,0x0000006fd9600000] [id=27676]
  0x000001f2cc04f000 WatcherThread [stack: 0x0000006fd9e00000,0x0000006fd9f00000] [id=17544]
  0x000001f2af315800 GCTaskThread "GC Thread#0" [stack: 0x0000006fd9000000,0x0000006fd9100000] [id=28628]
  0x000001f2cc82f800 GCTaskThread "GC Thread#1" [stack: 0x0000006fda100000,0x0000006fda200000] [id=27664]
  0x000001f2cc50a800 GCTaskThread "GC Thread#2" [stack: 0x0000006fda500000,0x0000006fda600000] [id=8608]
  0x000001f2af348800 ConcurrentGCThread "G1 Main Marker" [stack: 0x0000006fd9100000,0x0000006fd9200000] [id=26032]
  0x000001f2af34a000 ConcurrentGCThread "G1 Conc#0" [stack: 0x0000006fd9200000,0x0000006fd9300000] [id=28032]
  0x000001f2cc89a000 ConcurrentGCThread "G1 Conc#1" [stack: 0x0000006fda700000,0x0000006fda800000] [id=27244]
  0x000001f2cb4d4800 ConcurrentGCThread "G1 Refine#0" [stack: 0x0000006fd9300000,0x0000006fd9400000] [id=11800]
  0x000001f2af3de800 ConcurrentGCThread "G1 Young RemSet Sampling" [stack: 0x0000006fd9400000,0x0000006fd9500000] [id=25280]

Threads with active compile tasks:
C2 CompilerThread0  33817 3847   !   4       java.lang.reflect.Executable::declaredAnnotations (85 bytes)

VM state:not at safepoint (normal execution)

VM Mutex/Monitor currently owned by a thread: None

Heap address: 0x0000000081c00000, size: 2020 MB, Compressed Oops mode: 32-bit
Narrow klass base: 0x0000000000000000, Narrow klass shift: 3
Compressed class space size: 1073741824 Address: 0x0000000100000000

Heap:
 garbage-first heap   total 131072K, used 69864K [0x0000000081c00000, 0x0000000100000000)
  region size 1024K, 51 young (52224K), 5 survivors (5120K)
 Metaspace       used 50598K, capacity 52341K, committed 52556K, reserved 1095680K
  class space    used 6659K, capacity 7219K, committed 7244K, reserved 1048576K
Heap Regions: E=young(eden), S=young(survivor), O=old, HS=humongous(starts), HC=humongous(continues), CS=collection set, F=free, A=archive, TAMS=top-at-mark-start (previous, next)
|   0|0x0000000081c00000, 0x0000000081d00000, 0x0000000081d00000|100%|HS|  |TAMS 0x0000000081d00000, 0x0000000081c00000| Complete 
|   1|0x0000000081d00000, 0x0000000081e00000, 0x0000000081e00000|100%|HC|  |TAMS 0x0000000081e00000, 0x0000000081d00000| Complete 
|   2|0x0000000081e00000, 0x0000000081f00000, 0x0000000081f00000|100%| O|  |TAMS 0x0000000081f00000, 0x0000000081e00000| Untracked 
|   3|0x0000000081f00000, 0x0000000082000000, 0x0000000082000000|100%| O|  |TAMS 0x0000000082000000, 0x0000000081f00000| Untracked 
|   4|0x0000000082000000, 0x0000000082100000, 0x0000000082100000|100%| O|  |TAMS 0x0000000082100000, 0x0000000082000000| Untracked 
|   5|0x0000000082100000, 0x0000000082200000, 0x0000000082200000|100%| O|  |TAMS 0x0000000082200000, 0x0000000082100000| Untracked 
|   6|0x0000000082200000, 0x0000000082300000, 0x0000000082300000|100%| O|  |TAMS 0x0000000082300000, 0x0000000082200000| Untracked 
|   7|0x0000000082300000, 0x0000000082400000, 0x0000000082400000|100%| O|  |TAMS 0x000000008236aa00, 0x0000000082300000| Untracked 
|   8|0x0000000082400000, 0x0000000082400000, 0x0000000082500000|  0%| F|  |TAMS 0x0000000082400000, 0x0000000082400000| Untracked 
|   9|0x0000000082500000, 0x0000000082600000, 0x0000000082600000|100%| O|  |TAMS 0x0000000082500000, 0x0000000082500000| Untracked 
|  10|0x0000000082600000, 0x00000000826c4a00, 0x0000000082700000| 76%| O|  |TAMS 0x0000000082600000, 0x0000000082600000| Untracked 
|  11|0x0000000082700000, 0x0000000082700000, 0x0000000082800000|  0%| F|  |TAMS 0x0000000082700000, 0x0000000082700000| Untracked 
|  12|0x0000000082800000, 0x0000000082800000, 0x0000000082900000|  0%| F|  |TAMS 0x0000000082800000, 0x0000000082800000| Untracked 
|  13|0x0000000082900000, 0x0000000082900000, 0x0000000082a00000|  0%| F|  |TAMS 0x0000000082900000, 0x0000000082900000| Untracked 
|  14|0x0000000082a00000, 0x0000000082a00000, 0x0000000082b00000|  0%| F|  |TAMS 0x0000000082a00000, 0x0000000082a00000| Untracked 
|  15|0x0000000082b00000, 0x0000000082b00000, 0x0000000082c00000|  0%| F|  |TAMS 0x0000000082b00000, 0x0000000082b00000| Untracked 
|  16|0x0000000082c00000, 0x0000000082d00000, 0x0000000082d00000|100%|HS|  |TAMS 0x0000000082d00000, 0x0000000082c00000| Complete 
|  17|0x0000000082d00000, 0x0000000082e00000, 0x0000000082e00000|100%|HC|  |TAMS 0x0000000082e00000, 0x0000000082d00000| Complete 
|  18|0x0000000082e00000, 0x0000000082f00000, 0x0000000082f00000|100%|HC|  |TAMS 0x0000000082f00000, 0x0000000082e00000| Complete 
|  19|0x0000000082f00000, 0x0000000083000000, 0x0000000083000000|100%|HS|  |TAMS 0x0000000083000000, 0x0000000082f00000| Complete 
|  20|0x0000000083000000, 0x0000000083100000, 0x0000000083100000|100%|HS|  |TAMS 0x0000000083100000, 0x0000000083000000| Complete 
|  21|0x0000000083100000, 0x0000000083200000, 0x0000000083200000|100%|HS|  |TAMS 0x0000000083200000, 0x0000000083100000| Complete 
|  22|0x0000000083200000, 0x0000000083300000, 0x0000000083300000|100%| O|  |TAMS 0x0000000083300000, 0x0000000083200000| Untracked 
|  23|0x0000000083300000, 0x0000000083400000, 0x0000000083400000|100%| O|  |TAMS 0x0000000083400000, 0x0000000083300000| Untracked 
|  24|0x0000000083400000, 0x0000000083500000, 0x0000000083500000|100%| O|  |TAMS 0x0000000083500000, 0x0000000083400000| Untracked 
|  25|0x0000000083500000, 0x0000000083600000, 0x0000000083600000|100%| O|  |TAMS 0x0000000083600000, 0x0000000083500000| Untracked 
|  26|0x0000000083600000, 0x0000000083600000, 0x0000000083700000|  0%| F|  |TAMS 0x0000000083600000, 0x0000000083600000| Untracked 
|  27|0x0000000083700000, 0x0000000083700000, 0x0000000083800000|  0%| F|  |TAMS 0x0000000083700000, 0x0000000083700000| Untracked 
|  28|0x0000000083800000, 0x0000000083800000, 0x0000000083900000|  0%| F|  |TAMS 0x0000000083800000, 0x0000000083800000| Untracked 
|  29|0x0000000083900000, 0x0000000083900000, 0x0000000083a00000|  0%| F|  |TAMS 0x0000000083900000, 0x0000000083900000| Untracked 
|  30|0x0000000083a00000, 0x0000000083a00000, 0x0000000083b00000|  0%| F|  |TAMS 0x0000000083a00000, 0x0000000083a00000| Untracked 
|  31|0x0000000083b00000, 0x0000000083b00000, 0x0000000083c00000|  0%| F|  |TAMS 0x0000000083b00000, 0x0000000083b00000| Untracked 
|  32|0x0000000083c00000, 0x0000000083c00000, 0x0000000083d00000|  0%| F|  |TAMS 0x0000000083c00000, 0x0000000083c00000| Untracked 
|  33|0x0000000083d00000, 0x0000000083d00000, 0x0000000083e00000|  0%| F|  |TAMS 0x0000000083d00000, 0x0000000083d00000| Untracked 
|  34|0x0000000083e00000, 0x0000000083e00000, 0x0000000083f00000|  0%| F|  |TAMS 0x0000000083e00000, 0x0000000083e00000| Untracked 
|  35|0x0000000083f00000, 0x0000000083f00000, 0x0000000084000000|  0%| F|  |TAMS 0x0000000083f00000, 0x0000000083f00000| Untracked 
|  36|0x0000000084000000, 0x0000000084000000, 0x0000000084100000|  0%| F|  |TAMS 0x0000000084000000, 0x0000000084000000| Untracked 
|  37|0x0000000084100000, 0x0000000084100000, 0x0000000084200000|  0%| F|  |TAMS 0x0000000084100000, 0x0000000084100000| Untracked 
|  38|0x0000000084200000, 0x0000000084200000, 0x0000000084300000|  0%| F|  |TAMS 0x0000000084200000, 0x0000000084200000| Untracked 
|  39|0x0000000084300000, 0x0000000084300000, 0x0000000084400000|  0%| F|  |TAMS 0x0000000084300000, 0x0000000084300000| Untracked 
|  40|0x0000000084400000, 0x0000000084400000, 0x0000000084500000|  0%| F|  |TAMS 0x0000000084400000, 0x0000000084400000| Untracked 
|  41|0x0000000084500000, 0x0000000084500000, 0x0000000084600000|  0%| F|  |TAMS 0x0000000084500000, 0x0000000084500000| Untracked 
|  42|0x0000000084600000, 0x0000000084600000, 0x0000000084700000|  0%| F|  |TAMS 0x0000000084600000, 0x0000000084600000| Untracked 
|  43|0x0000000084700000, 0x0000000084700000, 0x0000000084800000|  0%| F|  |TAMS 0x0000000084700000, 0x0000000084700000| Untracked 
|  44|0x0000000084800000, 0x0000000084800000, 0x0000000084900000|  0%| F|  |TAMS 0x0000000084800000, 0x0000000084800000| Untracked 
|  45|0x0000000084900000, 0x0000000084900000, 0x0000000084a00000|  0%| F|  |TAMS 0x0000000084900000, 0x0000000084900000| Untracked 
|  46|0x0000000084a00000, 0x0000000084a00000, 0x0000000084b00000|  0%| F|  |TAMS 0x0000000084a00000, 0x0000000084a00000| Untracked 
|  47|0x0000000084b00000, 0x0000000084b00000, 0x0000000084c00000|  0%| F|  |TAMS 0x0000000084b00000, 0x0000000084b00000| Untracked 
|  48|0x0000000084c00000, 0x0000000084c00000, 0x0000000084d00000|  0%| F|  |TAMS 0x0000000084c00000, 0x0000000084c00000| Untracked 
|  49|0x0000000084d00000, 0x0000000084d00000, 0x0000000084e00000|  0%| F|  |TAMS 0x0000000084d00000, 0x0000000084d00000| Untracked 
|  50|0x0000000084e00000, 0x0000000084e00000, 0x0000000084f00000|  0%| F|  |TAMS 0x0000000084e00000, 0x0000000084e00000| Untracked 
|  51|0x0000000084f00000, 0x0000000084f00000, 0x0000000085000000|  0%| F|  |TAMS 0x0000000084f00000, 0x0000000084f00000| Untracked 
|  52|0x0000000085000000, 0x0000000085000000, 0x0000000085100000|  0%| F|  |TAMS 0x0000000085000000, 0x0000000085000000| Untracked 
|  53|0x0000000085100000, 0x0000000085100000, 0x0000000085200000|  0%| F|  |TAMS 0x0000000085100000, 0x0000000085100000| Untracked 
|  54|0x0000000085200000, 0x0000000085200000, 0x0000000085300000|  0%| F|  |TAMS 0x0000000085200000, 0x0000000085200000| Untracked 
|  55|0x0000000085300000, 0x0000000085300000, 0x0000000085400000|  0%| F|  |TAMS 0x0000000085300000, 0x0000000085300000| Untracked 
|  56|0x0000000085400000, 0x0000000085400000, 0x0000000085500000|  0%| F|  |TAMS 0x0000000085400000, 0x0000000085400000| Untracked 
|  57|0x0000000085500000, 0x0000000085500000, 0x0000000085600000|  0%| F|  |TAMS 0x0000000085500000, 0x0000000085500000| Untracked 
|  58|0x0000000085600000, 0x0000000085600000, 0x0000000085700000|  0%| F|  |TAMS 0x0000000085600000, 0x0000000085600000| Untracked 
|  59|0x0000000085700000, 0x0000000085700000, 0x0000000085800000|  0%| F|  |TAMS 0x0000000085700000, 0x0000000085700000| Untracked 
|  60|0x0000000085800000, 0x0000000085800000, 0x0000000085900000|  0%| F|  |TAMS 0x0000000085800000, 0x0000000085800000| Untracked 
|  61|0x0000000085900000, 0x0000000085900000, 0x0000000085a00000|  0%| F|  |TAMS 0x0000000085900000, 0x0000000085900000| Untracked 
|  62|0x0000000085a00000, 0x0000000085a00000, 0x0000000085b00000|  0%| F|  |TAMS 0x0000000085a00000, 0x0000000085a00000| Untracked 
|  63|0x0000000085b00000, 0x0000000085b00000, 0x0000000085c00000|  0%| F|  |TAMS 0x0000000085b00000, 0x0000000085b00000| Untracked 
|  64|0x0000000085c00000, 0x0000000085c00000, 0x0000000085d00000|  0%| F|  |TAMS 0x0000000085c00000, 0x0000000085c00000| Untracked 
|  65|0x0000000085d00000, 0x0000000085d00000, 0x0000000085e00000|  0%| F|  |TAMS 0x0000000085d00000, 0x0000000085d00000| Untracked 
|  66|0x0000000085e00000, 0x0000000085e00000, 0x0000000085f00000|  0%| F|  |TAMS 0x0000000085e00000, 0x0000000085e00000| Untracked 
|  67|0x0000000085f00000, 0x0000000085f75620, 0x0000000086000000| 45%| S|CS|TAMS 0x0000000085f00000, 0x0000000085f00000| Complete 
|  68|0x0000000086000000, 0x0000000086100000, 0x0000000086100000|100%| S|CS|TAMS 0x0000000086000000, 0x0000000086000000| Complete 
|  69|0x0000000086100000, 0x0000000086200000, 0x0000000086200000|100%| S|CS|TAMS 0x0000000086100000, 0x0000000086100000| Complete 
|  70|0x0000000086200000, 0x0000000086300000, 0x0000000086300000|100%| S|CS|TAMS 0x0000000086200000, 0x0000000086200000| Complete 
|  71|0x0000000086300000, 0x0000000086400000, 0x0000000086400000|100%| S|CS|TAMS 0x0000000086300000, 0x0000000086300000| Complete 
|  72|0x0000000086400000, 0x0000000086400000, 0x0000000086500000|  0%| F|  |TAMS 0x0000000086400000, 0x0000000086400000| Untracked 
|  73|0x0000000086500000, 0x0000000086500000, 0x0000000086600000|  0%| F|  |TAMS 0x0000000086500000, 0x0000000086500000| Untracked 
|  74|0x0000000086600000, 0x0000000086600000, 0x0000000086700000|  0%| F|  |TAMS 0x0000000086600000, 0x0000000086600000| Untracked 
|  75|0x0000000086700000, 0x0000000086700000, 0x0000000086800000|  0%| F|  |TAMS 0x0000000086700000, 0x0000000086700000| Untracked 
|  76|0x0000000086800000, 0x0000000086800000, 0x0000000086900000|  0%| F|  |TAMS 0x0000000086800000, 0x0000000086800000| Untracked 
|  77|0x0000000086900000, 0x0000000086900000, 0x0000000086a00000|  0%| F|  |TAMS 0x0000000086900000, 0x0000000086900000| Untracked 
|  78|0x0000000086a00000, 0x0000000086a00000, 0x0000000086b00000|  0%| F|  |TAMS 0x0000000086a00000, 0x0000000086a00000| Untracked 
|  79|0x0000000086b00000, 0x0000000086b00000, 0x0000000086c00000|  0%| F|  |TAMS 0x0000000086b00000, 0x0000000086b00000| Untracked 
|  80|0x0000000086c00000, 0x0000000086c00000, 0x0000000086d00000|  0%| F|  |TAMS 0x0000000086c00000, 0x0000000086c00000| Untracked 
|  81|0x0000000086d00000, 0x0000000086d00000, 0x0000000086e00000|  0%| F|  |TAMS 0x0000000086d00000, 0x0000000086d00000| Untracked 
|  82|0x0000000086e00000, 0x0000000086e81f68, 0x0000000086f00000| 50%| E|  |TAMS 0x0000000086e00000, 0x0000000086e00000| Complete 
|  83|0x0000000086f00000, 0x0000000087000000, 0x0000000087000000|100%| E|CS|TAMS 0x0000000086f00000, 0x0000000086f00000| Complete 
|  84|0x0000000087000000, 0x0000000087100000, 0x0000000087100000|100%| E|CS|TAMS 0x0000000087000000, 0x0000000087000000| Complete 
|  85|0x0000000087100000, 0x0000000087200000, 0x0000000087200000|100%| E|CS|TAMS 0x0000000087100000, 0x0000000087100000| Complete 
|  86|0x0000000087200000, 0x0000000087300000, 0x0000000087300000|100%| E|CS|TAMS 0x0000000087200000, 0x0000000087200000| Complete 
|  87|0x0000000087300000, 0x0000000087400000, 0x0000000087400000|100%| E|CS|TAMS 0x0000000087300000, 0x0000000087300000| Complete 
|  88|0x0000000087400000, 0x0000000087500000, 0x0000000087500000|100%| E|CS|TAMS 0x0000000087400000, 0x0000000087400000| Complete 
|  89|0x0000000087500000, 0x0000000087600000, 0x0000000087600000|100%| E|CS|TAMS 0x0000000087500000, 0x0000000087500000| Complete 
|  90|0x0000000087600000, 0x0000000087700000, 0x0000000087700000|100%| E|CS|TAMS 0x0000000087600000, 0x0000000087600000| Complete 
|  91|0x0000000087700000, 0x0000000087800000, 0x0000000087800000|100%| E|CS|TAMS 0x0000000087700000, 0x0000000087700000| Complete 
|  92|0x0000000087800000, 0x0000000087900000, 0x0000000087900000|100%| E|CS|TAMS 0x0000000087800000, 0x0000000087800000| Complete 
|  93|0x0000000087900000, 0x0000000087a00000, 0x0000000087a00000|100%| E|CS|TAMS 0x0000000087900000, 0x0000000087900000| Complete 
|  94|0x0000000087a00000, 0x0000000087b00000, 0x0000000087b00000|100%| E|CS|TAMS 0x0000000087a00000, 0x0000000087a00000| Complete 
|  95|0x0000000087b00000, 0x0000000087c00000, 0x0000000087c00000|100%| E|CS|TAMS 0x0000000087b00000, 0x0000000087b00000| Complete 
|  96|0x0000000087c00000, 0x0000000087d00000, 0x0000000087d00000|100%| E|  |TAMS 0x0000000087c00000, 0x0000000087c00000| Complete 
|  97|0x0000000087d00000, 0x0000000087e00000, 0x0000000087e00000|100%| E|CS|TAMS 0x0000000087d00000, 0x0000000087d00000| Complete 
|  98|0x0000000087e00000, 0x0000000087f00000, 0x0000000087f00000|100%| E|CS|TAMS 0x0000000087e00000, 0x0000000087e00000| Complete 
|  99|0x0000000087f00000, 0x0000000088000000, 0x0000000088000000|100%| E|CS|TAMS 0x0000000087f00000, 0x0000000087f00000| Complete 
| 100|0x0000000088000000, 0x0000000088100000, 0x0000000088100000|100%| E|CS|TAMS 0x0000000088000000, 0x0000000088000000| Complete 
| 101|0x0000000088100000, 0x0000000088200000, 0x0000000088200000|100%| E|CS|TAMS 0x0000000088100000, 0x0000000088100000| Complete 
| 102|0x0000000088200000, 0x0000000088300000, 0x0000000088300000|100%| E|CS|TAMS 0x0000000088200000, 0x0000000088200000| Complete 
| 103|0x0000000088300000, 0x0000000088400000, 0x0000000088400000|100%| E|CS|TAMS 0x0000000088300000, 0x0000000088300000| Complete 
| 104|0x0000000088400000, 0x0000000088500000, 0x0000000088500000|100%| E|CS|TAMS 0x0000000088400000, 0x0000000088400000| Complete 
| 105|0x0000000088500000, 0x0000000088600000, 0x0000000088600000|100%| E|CS|TAMS 0x0000000088500000, 0x0000000088500000| Complete 
| 106|0x0000000088600000, 0x0000000088700000, 0x0000000088700000|100%| E|CS|TAMS 0x0000000088600000, 0x0000000088600000| Complete 
| 107|0x0000000088700000, 0x0000000088800000, 0x0000000088800000|100%| E|CS|TAMS 0x0000000088700000, 0x0000000088700000| Complete 
| 108|0x0000000088800000, 0x0000000088900000, 0x0000000088900000|100%| E|CS|TAMS 0x0000000088800000, 0x0000000088800000| Complete 
| 109|0x0000000088900000, 0x0000000088a00000, 0x0000000088a00000|100%| E|CS|TAMS 0x0000000088900000, 0x0000000088900000| Complete 
| 110|0x0000000088a00000, 0x0000000088b00000, 0x0000000088b00000|100%| E|CS|TAMS 0x0000000088a00000, 0x0000000088a00000| Complete 
| 111|0x0000000088b00000, 0x0000000088c00000, 0x0000000088c00000|100%| E|CS|TAMS 0x0000000088b00000, 0x0000000088b00000| Complete 
| 112|0x0000000088c00000, 0x0000000088d00000, 0x0000000088d00000|100%| E|CS|TAMS 0x0000000088c00000, 0x0000000088c00000| Complete 
| 113|0x0000000088d00000, 0x0000000088e00000, 0x0000000088e00000|100%| E|CS|TAMS 0x0000000088d00000, 0x0000000088d00000| Complete 
| 114|0x0000000088e00000, 0x0000000088f00000, 0x0000000088f00000|100%| E|CS|TAMS 0x0000000088e00000, 0x0000000088e00000| Complete 
| 115|0x0000000088f00000, 0x0000000089000000, 0x0000000089000000|100%| E|CS|TAMS 0x0000000088f00000, 0x0000000088f00000| Complete 
| 116|0x0000000089000000, 0x0000000089100000, 0x0000000089100000|100%| E|CS|TAMS 0x0000000089000000, 0x0000000089000000| Complete 
| 117|0x0000000089100000, 0x0000000089200000, 0x0000000089200000|100%| E|CS|TAMS 0x0000000089100000, 0x0000000089100000| Complete 
| 118|0x0000000089200000, 0x0000000089300000, 0x0000000089300000|100%| E|CS|TAMS 0x0000000089200000, 0x0000000089200000| Complete 
| 119|0x0000000089300000, 0x0000000089400000, 0x0000000089400000|100%| E|CS|TAMS 0x0000000089300000, 0x0000000089300000| Complete 
| 120|0x0000000089400000, 0x0000000089500000, 0x0000000089500000|100%| E|CS|TAMS 0x0000000089400000, 0x0000000089400000| Complete 
| 121|0x0000000089500000, 0x0000000089600000, 0x0000000089600000|100%| E|CS|TAMS 0x0000000089500000, 0x0000000089500000| Complete 
| 122|0x0000000089600000, 0x0000000089700000, 0x0000000089700000|100%| E|CS|TAMS 0x0000000089600000, 0x0000000089600000| Complete 
| 123|0x0000000089700000, 0x0000000089800000, 0x0000000089800000|100%| E|CS|TAMS 0x0000000089700000, 0x0000000089700000| Complete 
| 124|0x0000000089800000, 0x0000000089900000, 0x0000000089900000|100%| E|CS|TAMS 0x0000000089800000, 0x0000000089800000| Complete 
| 125|0x0000000089900000, 0x0000000089a00000, 0x0000000089a00000|100%| E|CS|TAMS 0x0000000089900000, 0x0000000089900000| Complete 
| 126|0x0000000089a00000, 0x0000000089b00000, 0x0000000089b00000|100%| E|CS|TAMS 0x0000000089a00000, 0x0000000089a00000| Complete 
| 127|0x0000000089b00000, 0x0000000089c00000, 0x0000000089c00000|100%| E|CS|TAMS 0x0000000089b00000, 0x0000000089b00000| Complete 

Card table byte_map: [0x000001f2c44f0000,0x000001f2c48f0000] _byte_map_base: 0x000001f2c40e2000

Marking Bits (Prev, Next): (CMBitMap*) 0x000001f2af33fb08, (CMBitMap*) 0x000001f2af33fb40
 Prev Bits: [0x000001f2c4cf0000, 0x000001f2c6c80000)
 Next Bits: [0x000001f2c6c80000, 0x000001f2c8c10000)

Polling page: 0x000001f2ad1d0000

Metaspace:

Usage:
  Non-class:     44.06 MB capacity,    42.91 MB ( 97%) used,     1.04 MB (  2%) free+waste,   120.31 KB ( <1%) overhead. 
      Class:      7.05 MB capacity,     6.50 MB ( 92%) used,   499.95 KB (  7%) free+waste,    59.81 KB ( <1%) overhead. 
       Both:     51.11 MB capacity,    49.41 MB ( 97%) used,     1.53 MB (  3%) free+waste,   180.13 KB ( <1%) overhead. 

Virtual space:
  Non-class space:       46.00 MB reserved,      44.25 MB ( 96%) committed 
      Class space:        1.00 GB reserved,       7.07 MB ( <1%) committed 
             Both:        1.04 GB reserved,      51.32 MB (  5%) committed 

Chunk freelists:
   Non-Class:  62.00 KB
       Class:  13.00 KB
        Both:  75.00 KB

MaxMetaspaceSize: 17179869184.00 GB
CompressedClassSpaceSize: 1.00 GB
Initial GC threshold: 20.80 MB
Current GC threshold: 58.88 MB
CDS: off

CodeHeap 'non-profiled nmethods': size=120000Kb used=1817Kb max_used=1817Kb free=118182Kb
 bounds [0x000001f2bc890000, 0x000001f2bcb00000, 0x000001f2c3dc0000]
CodeHeap 'profiled nmethods': size=120000Kb used=8251Kb max_used=8251Kb free=111748Kb
 bounds [0x000001f2b5360000, 0x000001f2b5b70000, 0x000001f2bc890000]
CodeHeap 'non-nmethods': size=5760Kb used=1275Kb max_used=1297Kb free=4484Kb
 bounds [0x000001f2b4dc0000, 0x000001f2b5030000, 0x000001f2b5360000]
 total_blobs=4573 nmethods=4011 adapters=474
 compilation: enabled
              stopped_count=0, restarted_count=0
 full_count=0

Compilation events (20 events):
Event: 33.395 Thread 0x000001f2cbec4000 3962       3       org.sonar.api.batch.fs.internal.DefaultInputFile::checkMetadata (18 bytes)
Event: 33.395 Thread 0x000001f2cbec4000 nmethod 3962 0x000001f2b5b5eb10 code [0x000001f2b5b5ecc0, 0x000001f2b5b5eec8]
Event: 33.396 Thread 0x000001f2cbec4000 3961       3       java.lang.invoke.DelegatingMethodHandle::chooseDelegatingForm (24 bytes)
Event: 33.396 Thread 0x000001f2cbec4000 nmethod 3961 0x000001f2b5b5ef90 code [0x000001f2b5b5f160, 0x000001f2b5b5f4c8]
Event: 33.399 Thread 0x000001f2cbec4000 3963       3       java.lang.String::contains (19 bytes)
Event: 33.400 Thread 0x000001f2cbec4000 nmethod 3963 0x000001f2b5b5f610 code [0x000001f2b5b5f7e0, 0x000001f2b5b5fa38]
Event: 33.400 Thread 0x000001f2ce30e000 3964       4       java.util.WeakHashMap::put (162 bytes)
Event: 33.405 Thread 0x000001f2cbec4000 3965   !   3       java.nio.CharBuffer::wrap (20 bytes)
Event: 33.406 Thread 0x000001f2cbec4000 nmethod 3965 0x000001f2b5b5fb10 code [0x000001f2b5b5fd00, 0x000001f2b5b600d8]
Event: 33.406 Thread 0x000001f2cbec4000 3967       3       java.util.stream.AbstractPipeline::sourceSpliterator (265 bytes)
Event: 33.408 Thread 0x000001f2cbec4000 nmethod 3967 0x000001f2b5b60310 code [0x000001f2b5b605a0, 0x000001f2b5b61348]
Event: 33.408 Thread 0x000001f2cbec4000 3968       3       org.sonar.api.config.internal.MultivalueProperty::istrimmable (12 bytes)
Event: 33.409 Thread 0x000001f2cbec4000 nmethod 3968 0x000001f2b5b61810 code [0x000001f2b5b619c0, 0x000001f2b5b61af8]
Event: 33.409 Thread 0x000001f2cbec4000 3969       3       org.apache.commons.csv.ExtendedBufferedReader::read (87 bytes)
Event: 33.409 Thread 0x000001f2cbec4000 nmethod 3969 0x000001f2b5b61b90 code [0x000001f2b5b61d60, 0x000001f2b5b62068]
Event: 33.409 Thread 0x000001f2cbec4000 3970       1       org.apache.commons.csv.CSVFormat::getQuoteMode (5 bytes)
Event: 33.409 Thread 0x000001f2cbec4000 nmethod 3970 0x000001f2bca4c810 code [0x000001f2bca4c9c0, 0x000001f2bca4ca78]
Event: 33.409 Thread 0x000001f2cbec4000 3966       3       java.nio.HeapCharBuffer::<init> (21 bytes)
Event: 33.409 Thread 0x000001f2cbec4000 nmethod 3966 0x000001f2b5b62110 code [0x000001f2b5b622e0, 0x000001f2b5b62508]
Event: 33.417 Thread 0x000001f2ce30e000 nmethod 3964 0x000001f2bca4cb10 code [0x000001f2bca4ccc0, 0x000001f2bca4d628]

GC Heap History (12 events):
Event: 1.842 GC heap before
{Heap before GC invocations=0 (full 0):
 garbage-first heap   total 131072K, used 25600K [0x0000000081c00000, 0x0000000100000000)
  region size 1024K, 24 young (24576K), 0 survivors (0K)
 Metaspace       used 16130K, capacity 16422K, committed 16512K, reserved 1064960K
  class space    used 1780K, capacity 1880K, committed 1920K, reserved 1048576K
}
Event: 1.848 GC heap after
{Heap after GC invocations=1 (full 0):
 garbage-first heap   total 131072K, used 6818K [0x0000000081c00000, 0x0000000100000000)
  region size 1024K, 3 young (3072K), 3 survivors (3072K)
 Metaspace       used 16130K, capacity 16422K, committed 16512K, reserved 1064960K
  class space    used 1780K, capacity 1880K, committed 1920K, reserved 1048576K
}
Event: 2.082 GC heap before
{Heap before GC invocations=1 (full 0):
 garbage-first heap   total 131072K, used 21154K [0x0000000081c00000, 0x0000000100000000)
  region size 1024K, 18 young (18432K), 3 survivors (3072K)
 Metaspace       used 20857K, capacity 21209K, committed 21248K, reserved 1069056K
  class space    used 2161K, capacity 2302K, committed 2304K, reserved 1048576K
}
Event: 2.086 GC heap after
{Heap after GC invocations=2 (full 0):
 garbage-first heap   total 131072K, used 7832K [0x0000000081c00000, 0x0000000100000000)
  region size 1024K, 4 young (4096K), 4 survivors (4096K)
 Metaspace       used 20857K, capacity 21209K, committed 21248K, reserved 1069056K
  class space    used 2161K, capacity 2302K, committed 2304K, reserved 1048576K
}
Event: 2.466 GC heap before
{Heap before GC invocations=3 (full 0):
 garbage-first heap   total 131072K, used 47768K [0x0000000081c00000, 0x0000000100000000)
  region size 1024K, 26 young (26624K), 4 survivors (4096K)
 Metaspace       used 23630K, capacity 24432K, committed 24576K, reserved 1071104K
  class space    used 2505K, capacity 2796K, committed 2816K, reserved 1048576K
}
Event: 2.474 GC heap after
{Heap after GC invocations=4 (full 0):
 garbage-first heap   total 131072K, used 17770K [0x0000000081c00000, 0x0000000100000000)
  region size 1024K, 4 young (4096K), 4 survivors (4096K)
 Metaspace       used 23630K, capacity 24432K, committed 24576K, reserved 1071104K
  class space    used 2505K, capacity 2796K, committed 2816K, reserved 1048576K
}
Event: 13.508 GC heap before
{Heap before GC invocations=4 (full 0):
 garbage-first heap   total 131072K, used 60778K [0x0000000081c00000, 0x0000000100000000)
  region size 1024K, 46 young (47104K), 4 survivors (4096K)
 Metaspace       used 31840K, capacity 33125K, committed 33408K, reserved 1079296K
  class space    used 3425K, capacity 3850K, committed 3968K, reserved 1048576K
}
Event: 13.513 GC heap after
{Heap after GC invocations=5 (full 0):
 garbage-first heap   total 131072K, used 21147K [0x0000000081c00000, 0x0000000100000000)
  region size 1024K, 4 young (4096K), 4 survivors (4096K)
 Metaspace       used 31840K, capacity 33125K, committed 33408K, reserved 1079296K
  class space    used 3425K, capacity 3850K, committed 3968K, reserved 1048576K
}
Event: 22.591 GC heap before
{Heap before GC invocations=5 (full 0):
 garbage-first heap   total 131072K, used 41627K [0x0000000081c00000, 0x0000000100000000)
  region size 1024K, 25 young (25600K), 4 survivors (4096K)
 Metaspace       used 34419K, capacity 35816K, committed 35840K, reserved 1081344K
  class space    used 3716K, capacity 4224K, committed 4224K, reserved 1048576K
}
Event: 22.597 GC heap after
{Heap after GC invocations=6 (full 0):
 garbage-first heap   total 131072K, used 22292K [0x0000000081c00000, 0x0000000100000000)
  region size 1024K, 5 young (5120K), 5 survivors (5120K)
 Metaspace       used 34419K, capacity 35816K, committed 35840K, reserved 1081344K
  class space    used 3716K, capacity 4224K, committed 4224K, reserved 1048576K
}
Event: 31.386 GC heap before
{Heap before GC invocations=7 (full 0):
 garbage-first heap   total 131072K, used 74516K [0x0000000081c00000, 0x0000000100000000)
  region size 1024K, 56 young (57344K), 5 survivors (5120K)
 Metaspace       used 43391K, capacity 44961K, committed 45132K, reserved 1089536K
  class space    used 5351K, capacity 5915K, committed 5964K, reserved 1048576K
}
Event: 31.393 GC heap after
{Heap after GC invocations=8 (full 0):
 garbage-first heap   total 131072K, used 24808K [0x0000000081c00000, 0x0000000100000000)
  region size 1024K, 5 young (5120K), 5 survivors (5120K)
 Metaspace       used 43391K, capacity 44961K, committed 45132K, reserved 1089536K
  class space    used 5351K, capacity 5915K, committed 5964K, reserved 1048576K
}

Deoptimization events (20 events):
Event: 33.290 Thread 0x000001f2af2fe000 Uncommon trap: trap_request=0xffffff4d fr.pc=0x000001f2bca0d304 relative=0x0000000000000064
Event: 33.290 Thread 0x000001f2af2fe000 Uncommon trap: reason=unstable_if action=reinterpret pc=0x000001f2bca0d304 method=java.util.regex.Pattern.inRange(III)Z @ 7 c2
Event: 33.290 Thread 0x000001f2af2fe000 DEOPT PACKING pc=0x000001f2bca0d304 sp=0x0000006fd8ffd480
Event: 33.290 Thread 0x000001f2af2fe000 DEOPT UNPACKING pc=0x000001f2b4e0a1af sp=0x0000006fd8ffd328 mode 2
Event: 33.290 Thread 0x000001f2af2fe000 Uncommon trap: trap_request=0xffffffc6 fr.pc=0x000001f2bc9e10b8 relative=0x0000000000000358
Event: 33.290 Thread 0x000001f2af2fe000 Uncommon trap: reason=bimorphic_or_optimized_type_check action=maybe_recompile pc=0x000001f2bc9e10b8 method=java.util.regex.Pattern$Slice.match(Ljava/util/regex/Matcher;ILjava/lang/CharSequence;)Z @ 49 c2
Event: 33.290 Thread 0x000001f2af2fe000 DEOPT PACKING pc=0x000001f2bc9e10b8 sp=0x0000006fd8ffd980
Event: 33.290 Thread 0x000001f2af2fe000 DEOPT UNPACKING pc=0x000001f2b4e0a1af sp=0x0000006fd8ffd918 mode 2
Event: 33.290 Thread 0x000001f2af2fe000 Uncommon trap: trap_request=0xffffffc6 fr.pc=0x000001f2bc9e10b8 relative=0x0000000000000358
Event: 33.290 Thread 0x000001f2af2fe000 Uncommon trap: reason=bimorphic_or_optimized_type_check action=maybe_recompile pc=0x000001f2bc9e10b8 method=java.util.regex.Pattern$Slice.match(Ljava/util/regex/Matcher;ILjava/lang/CharSequence;)Z @ 49 c2
Event: 33.290 Thread 0x000001f2af2fe000 DEOPT PACKING pc=0x000001f2bc9e10b8 sp=0x0000006fd8ffd980
Event: 33.290 Thread 0x000001f2af2fe000 DEOPT UNPACKING pc=0x000001f2b4e0a1af sp=0x0000006fd8ffd918 mode 2
Event: 33.291 Thread 0x000001f2af2fe000 Uncommon trap: trap_request=0xffffff4d fr.pc=0x000001f2bc9f3f0c relative=0x000000000000006c
Event: 33.291 Thread 0x000001f2af2fe000 Uncommon trap: reason=unstable_if action=reinterpret pc=0x000001f2bc9f3f0c method=java.util.regex.CharPredicates.lambda$ASCII_DIGIT$15(I)Z @ 11 c2
Event: 33.291 Thread 0x000001f2af2fe000 DEOPT PACKING pc=0x000001f2bc9f3f0c sp=0x0000006fd8ffd770
Event: 33.291 Thread 0x000001f2af2fe000 DEOPT UNPACKING pc=0x000001f2b4e0a1af sp=0x0000006fd8ffd6b0 mode 2
Event: 33.396 Thread 0x000001f2af2fe000 Uncommon trap: trap_request=0xffffff4d fr.pc=0x000001f2bc9aaa0c relative=0x000000000000006c
Event: 33.396 Thread 0x000001f2af2fe000 Uncommon trap: reason=unstable_if action=reinterpret pc=0x000001f2bc9aaa0c method=java.lang.Integer.equals(Ljava/lang/Object;)Z @ 18 c2
Event: 33.396 Thread 0x000001f2af2fe000 DEOPT PACKING pc=0x000001f2bc9aaa0c sp=0x0000006fd8ffd8a0
Event: 33.396 Thread 0x000001f2af2fe000 DEOPT UNPACKING pc=0x000001f2b4e0a1af sp=0x0000006fd8ffd838 mode 2

Classes redefined (0 events):
No events

Internal exceptions (20 events):
Event: 22.587 Thread 0x000001f2ccb9b000 Exception <a 'java/lang/InterruptedException'{0x0000000088780840}: sleep interrupted> (0x0000000088780840) thrown at [./src/hotspot/share/prims/jvm.cpp, line 3125]
Event: 22.602 Thread 0x000001f2af2fe000 Implicit null exception at 0x000001f2bc9d43ac to 0x000001f2bc9d43e4
Event: 30.472 Thread 0x000001f2af2fe000 Exception <a 'java/lang/NoSuchMethodError'{0x00000000877b7680}: 'java.lang.Object java.lang.invoke.DirectMethodHandle$Holder.invokeStaticInit(java.lang.Object, int)'> (0x00000000877b7680) thrown at [./src/hotspot/share/interpreter/linkResolver.cpp, line 773]
Event: 30.650 Thread 0x000001f2af2fe000 Exception <a 'java/lang/NoSuchMethodError'{0x00000000876ea4b8}: 'int java.lang.invoke.DelegatingMethodHandle$Holder.reinvoke_L(java.lang.Object, java.lang.Object, java.lang.Object, long, int, int)'> (0x00000000876ea4b8) thrown at [./src/hotspot/share/interpreter/linkResolver.cpp, line 773]
Event: 30.651 Thread 0x000001f2af2fe000 Exception <a 'java/lang/NoSuchMethodError'{0x00000000876f7490}: 'int java.lang.invoke.DelegatingMethodHandle$Holder.reinvoke_L(java.lang.Object, java.lang.Object, java.lang.Object, long, long, long)'> (0x00000000876f7490) thrown at [./src/hotspot/share/interpreter/linkResolver.cpp, line 773]
Event: 30.652 Thread 0x000001f2af2fe000 Exception <a 'java/lang/NoSuchMethodError'{0x0000000087504d60}: 'int java.lang.invoke.DelegatingMethodHandle$Holder.reinvoke_L(java.lang.Object, java.lang.Object, java.lang.Object, long, java.lang.Object, java.lang.Object)'> (0x0000000087504d60) thrown at [./src/hotspot/share/interpreter/linkResolver.cpp, line 773]
Event: 30.653 Thread 0x000001f2af2fe000 Exception <a 'java/lang/NoSuchMethodError'{0x0000000087512598}: 'void java.lang.invoke.DelegatingMethodHandle$Holder.reinvoke_L(java.lang.Object, java.lang.Object, java.lang.Object, long, java.lang.Object)'> (0x0000000087512598) thrown at [./src/hotspot/share/interpreter/linkResolver.cpp, line 773]
Event: 30.653 Thread 0x000001f2af2fe000 Exception <a 'java/lang/NoSuchMethodError'{0x0000000087518e90}: 'java.lang.Object java.lang.invoke.DirectMethodHandle$Holder.invokeSpecial(java.lang.Object, java.lang.Object, java.lang.Object, java.lang.Object, long)'> (0x0000000087518e90) thrown at [./src/hotspot/share/interpreter/linkResolver.cpp, line 773]
Event: 30.653 Thread 0x000001f2af2fe000 Exception <a 'java/lang/NoSuchMethodError'{0x000000008751c690}: 'java.lang.Object java.lang.invoke.DelegatingMethodHandle$Holder.reinvoke_L(java.lang.Object, java.lang.Object, java.lang.Object, long)'> (0x000000008751c690) thrown at [./src/hotspot/share/interpreter/linkResolver.cpp, line 773]
Event: 30.656 Thread 0x000001f2af2fe000 Exception <a 'java/lang/NoSuchMethodError'{0x0000000087543c70}: 'long java.lang.invoke.Invokers$Holder.invoke_MT(java.lang.Object, java.lang.Object, java.lang.Object, java.lang.Object)'> (0x0000000087543c70) thrown at [./src/hotspot/share/interpreter/linkResolver.cpp, line 773]
Event: 30.656 Thread 0x000001f2af2fe000 Exception <a 'java/lang/NoSuchMethodError'{0x00000000875476e0}: 'long java.lang.invoke.DelegatingMethodHandle$Holder.reinvoke_L(java.lang.Object, java.lang.Object, java.lang.Object)'> (0x00000000875476e0) thrown at [./src/hotspot/share/interpreter/linkResolver.cpp, line 773]
Event: 30.657 Thread 0x000001f2af2fe000 Exception <a 'java/lang/NoSuchMethodError'{0x0000000087550dc8}: 'int java.lang.invoke.DirectMethodHandle$Holder.invokeSpecial(java.lang.Object, java.lang.Object, java.lang.Object, java.lang.Object)'> (0x0000000087550dc8) thrown at [./src/hotspot/share/interpreter/linkResolver.cpp, line 773]
Event: 30.658 Thread 0x000001f2af2fe000 Exception <a 'java/lang/NoSuchMethodError'{0x000000008755f788}: 'int java.lang.invoke.DelegatingMethodHandle$Holder.reinvoke_L(java.lang.Object, java.lang.Object, java.lang.Object, long, int)'> (0x000000008755f788) thrown at [./src/hotspot/share/interpreter/linkResolver.cpp, line 773]
Event: 30.660 Thread 0x000001f2af2fe000 Exception <a 'java/lang/NoSuchMethodError'{0x0000000087571578}: 'java.lang.Object java.lang.invoke.Invokers$Holder.invokeExact_MT(java.lang.Object, java.lang.Object, long, java.lang.Object)'> (0x0000000087571578) thrown at [./src/hotspot/share/interpreter/linkResolver.cpp, line 773]
Event: 33.071 Thread 0x000001f2af2fe000 Exception <a 'java/lang/NoSuchMethodError'{0x00000000875d8640}: 'void java.lang.invoke.DirectMethodHandle$Holder.invokeStaticInit(java.lang.Object, java.lang.Object, java.lang.Object)'> (0x00000000875d8640) thrown at [./src/hotspot/share/interpreter/linkResolver.cpp, line 773]
Event: 33.214 Thread 0x000001f2af2fe000 Exception <a 'java/lang/NoSuchMethodError'{0x000000008738fc90}: 'int java.lang.invoke.DirectMethodHandle$Holder.invokeVirtual(java.lang.Object, java.lang.Object, java.lang.Object)'> (0x000000008738fc90) thrown at [./src/hotspot/share/interpreter/linkResolver.cpp, line 773]
Event: 33.242 Thread 0x000001f2af2fe000 Exception <a 'java/lang/IncompatibleClassChangeError'{0x000000008711d9d8}: Found class java.lang.Object, but interface was expected> (0x000000008711d9d8) thrown at [./src/hotspot/share/interpreter/linkResolver.cpp, line 839]
Event: 33.243 Thread 0x000001f2af2fe000 Exception <a 'sun/nio/fs/WindowsException'{0x0000000087123410}> (0x0000000087123410) thrown at [./src/hotspot/share/prims/jni.cpp, line 616]
Event: 33.243 Thread 0x000001f2af2fe000 Exception <a 'sun/nio/fs/WindowsException'{0x0000000087123ce0}> (0x0000000087123ce0) thrown at [./src/hotspot/share/prims/jni.cpp, line 616]
Event: 33.244 Thread 0x000001f2af2fe000 Exception <a 'sun/nio/fs/WindowsException'{0x00000000871246a8}> (0x00000000871246a8) thrown at [./src/hotspot/share/prims/jni.cpp, line 616]

Events (20 events):
Event: 33.397 loading class org/sonar/api/utils/KeyValueFormat$Converter
Event: 33.397 loading class org/sonar/api/utils/KeyValueFormat$Converter done
Event: 33.397 loading class org/sonar/api/utils/KeyValueFormat$ToStringConverter
Event: 33.397 loading class org/sonar/api/utils/KeyValueFormat$ToStringConverter done
Event: 33.397 loading class org/sonar/api/utils/KeyValueFormat$StringConverter
Event: 33.397 loading class org/sonar/api/utils/KeyValueFormat$StringConverter done
Event: 33.397 loading class org/sonar/api/utils/KeyValueFormat$IntegerConverter
Event: 33.397 loading class org/sonar/api/utils/KeyValueFormat$IntegerConverter done
Event: 33.398 loading class org/sonar/api/utils/KeyValueFormat$DoubleConverter
Event: 33.398 loading class org/sonar/api/utils/KeyValueFormat$DoubleConverter done
Event: 33.398 loading class org/sonar/api/utils/KeyValueFormat$DateConverter
Event: 33.398 loading class org/sonar/api/utils/KeyValueFormat$DateConverter done
Event: 33.400 loading class org/sonar/scanner/protocol/output/ScannerReport$Measure$StringValue$1
Event: 33.400 loading class org/sonar/scanner/protocol/output/ScannerReport$Measure$StringValue$1 done
Event: 33.400 loading class org/sonar/scanner/protocol/output/ScannerReport$Measure$StringValue$Builder
Event: 33.400 loading class org/sonar/scanner/protocol/output/ScannerReport$Measure$StringValue$Builder done
Event: 33.405 loading class org/sonar/api/batch/fs/FilePredicate
Event: 33.405 loading class org/sonar/api/batch/fs/FilePredicate done
Event: 33.407 loading class org/sonar/plugins/javascript/eslint/BundleUtils
Event: 33.407 loading class org/sonar/plugins/javascript/eslint/BundleUtils done


Dynamic libraries:
0x00007ff6df0c0000 - 0x00007ff6df0cd000 	C:\sonar-scanner-4.7.0.2747-windows\jre\bin\java.exe
0x00007ffb68090000 - 0x00007ffb68285000 	C:\WINDOWS\SYSTEM32\ntdll.dll
0x00007ffb660e0000 - 0x00007ffb6619e000 	C:\WINDOWS\System32\KERNEL32.DLL
0x00007ffb65c00000 - 0x00007ffb65ec8000 	C:\WINDOWS\System32\KERNELBASE.dll
0x00007ffb65830000 - 0x00007ffb65930000 	C:\WINDOWS\System32\ucrtbase.dll
0x00007ffb4a480000 - 0x00007ffb4a497000 	C:\sonar-scanner-4.7.0.2747-windows\jre\bin\jli.dll
0x00007ffb3bd50000 - 0x00007ffb3bd65000 	C:\sonar-scanner-4.7.0.2747-windows\jre\bin\VCRUNTIME140.dll
0x00007ffb67eb0000 - 0x00007ffb68050000 	C:\WINDOWS\System32\USER32.dll
0x00007ffb65a90000 - 0x00007ffb65ab2000 	C:\WINDOWS\System32\win32u.dll
0x00007ffb661a0000 - 0x00007ffb661cb000 	C:\WINDOWS\System32\GDI32.dll
0x00007ffb65af0000 - 0x00007ffb65bfd000 	C:\WINDOWS\System32\gdi32full.dll
0x00007ffb65ed0000 - 0x00007ffb65f6d000 	C:\WINDOWS\System32\msvcp_win.dll
0x00007ffb64ae0000 - 0x00007ffb64d7a000 	C:\WINDOWS\WinSxS\amd64_microsoft.windows.common-controls_6595b64144ccf1df_6.0.19041.1110_none_60b5254171f9507e\COMCTL32.dll
0x00007ffb67800000 - 0x00007ffb6789e000 	C:\WINDOWS\System32\msvcrt.dll
0x00007ffb66850000 - 0x00007ffb66880000 	C:\WINDOWS\System32\IMM32.DLL
0x00007ffb06e10000 - 0x00007ffb06eab000 	C:\sonar-scanner-4.7.0.2747-windows\jre\bin\msvcp140.dll
0x00007ffb00180000 - 0x00007ffb00d01000 	C:\sonar-scanner-4.7.0.2747-windows\jre\bin\server\jvm.dll
0x00007ffb666c0000 - 0x00007ffb6676e000 	C:\WINDOWS\System32\ADVAPI32.dll
0x00007ffb66de0000 - 0x00007ffb66e7c000 	C:\WINDOWS\System32\sechost.dll
0x00007ffb66cb0000 - 0x00007ffb66dd5000 	C:\WINDOWS\System32\RPCRT4.dll
0x00007ffb67be0000 - 0x00007ffb67be8000 	C:\WINDOWS\System32\PSAPI.DLL
0x00007ffb511f0000 - 0x00007ffb511f9000 	C:\WINDOWS\SYSTEM32\WSOCK32.dll
0x00007ffb66c40000 - 0x00007ffb66cab000 	C:\WINDOWS\System32\WS2_32.dll
0x00007ffb5fe50000 - 0x00007ffb5fe77000 	C:\WINDOWS\SYSTEM32\WINMM.dll
0x00007ffb5f400000 - 0x00007ffb5f40a000 	C:\WINDOWS\SYSTEM32\VERSION.dll
0x00007ffb639c0000 - 0x00007ffb639d2000 	C:\WINDOWS\SYSTEM32\kernel.appcore.dll
0x00007ffb4a790000 - 0x00007ffb4a7a0000 	C:\sonar-scanner-4.7.0.2747-windows\jre\bin\verify.dll
0x00007ffb651c0000 - 0x00007ffb653a4000 	C:\WINDOWS\SYSTEM32\DBGHELP.DLL
0x00007ffb64dc0000 - 0x00007ffb64dec000 	C:\WINDOWS\SYSTEM32\dbgcore.DLL
0x00007ffb657a0000 - 0x00007ffb65822000 	C:\WINDOWS\System32\bcryptPrimitives.dll
0x00007ffb07a10000 - 0x00007ffb07a38000 	C:\sonar-scanner-4.7.0.2747-windows\jre\bin\java.dll
0x00007ffb348d0000 - 0x00007ffb348da000 	C:\sonar-scanner-4.7.0.2747-windows\jre\bin\jimage.dll
0x00007ffb348a0000 - 0x00007ffb348b8000 	C:\sonar-scanner-4.7.0.2747-windows\jre\bin\zip.dll
0x00007ffb66fe0000 - 0x00007ffb67724000 	C:\WINDOWS\System32\SHELL32.dll
0x00007ffb63070000 - 0x00007ffb63804000 	C:\WINDOWS\SYSTEM32\windows.storage.dll
0x00007ffb66880000 - 0x00007ffb66bd5000 	C:\WINDOWS\System32\combase.dll
0x00007ffb64df0000 - 0x00007ffb64e1e000 	C:\WINDOWS\SYSTEM32\Wldp.dll
0x00007ffb66f30000 - 0x00007ffb66fdd000 	C:\WINDOWS\System32\SHCORE.dll
0x00007ffb678a0000 - 0x00007ffb678f5000 	C:\WINDOWS\System32\shlwapi.dll
0x00007ffb656e0000 - 0x00007ffb656ff000 	C:\WINDOWS\SYSTEM32\profapi.dll
0x00007ffb079f0000 - 0x00007ffb07a09000 	C:\sonar-scanner-4.7.0.2747-windows\jre\bin\net.dll
0x00007ffb4b680000 - 0x00007ffb4b78c000 	C:\WINDOWS\SYSTEM32\WINHTTP.dll
0x00007ffb649c0000 - 0x00007ffb64a2a000 	C:\WINDOWS\system32\mswsock.dll
0x00007ffb079d0000 - 0x00007ffb079e3000 	C:\sonar-scanner-4.7.0.2747-windows\jre\bin\nio.dll
0x00007ffb06de0000 - 0x00007ffb06e05000 	C:\sonar-scanner-4.7.0.2747-windows\jre\bin\sunec.dll
0x00007ffb65520000 - 0x00007ffb65538000 	C:\WINDOWS\SYSTEM32\CRYPTSP.dll
0x00007ffb64200000 - 0x00007ffb64234000 	C:\WINDOWS\system32\rsaenh.dll
0x00007ffb65ac0000 - 0x00007ffb65ae7000 	C:\WINDOWS\System32\bcrypt.dll
0x00007ffb65660000 - 0x00007ffb6568e000 	C:\WINDOWS\SYSTEM32\USERENV.dll
0x00007ffb64940000 - 0x00007ffb6494c000 	C:\WINDOWS\SYSTEM32\CRYPTBASE.dll
0x00007ffb64550000 - 0x00007ffb6458b000 	C:\WINDOWS\SYSTEM32\IPHLPAPI.DLL
0x00007ffb666b0000 - 0x00007ffb666b8000 	C:\WINDOWS\System32\NSI.dll
0x00007ffb5cc20000 - 0x00007ffb5cc37000 	C:\WINDOWS\SYSTEM32\dhcpcsvc6.DLL
0x00007ffb5cc00000 - 0x00007ffb5cc1d000 	C:\WINDOWS\SYSTEM32\dhcpcsvc.DLL
0x00007ffb64590000 - 0x00007ffb6465b000 	C:\WINDOWS\SYSTEM32\DNSAPI.dll
0x00007ffb0d560000 - 0x00007ffb0d56e000 	C:\sonar-scanner-4.7.0.2747-windows\jre\bin\sunmscapi.dll
0x00007ffb65930000 - 0x00007ffb65a86000 	C:\WINDOWS\System32\CRYPT32.dll
0x00007ffb64e60000 - 0x00007ffb64e87000 	C:\WINDOWS\SYSTEM32\ncrypt.dll
0x00007ffb64e20000 - 0x00007ffb64e5b000 	C:\WINDOWS\SYSTEM32\NTASN1.dll
0x00007ffb4a4a0000 - 0x00007ffb4a4aa000 	C:\Windows\System32\rasadhlp.dll
0x00007ffb4b890000 - 0x00007ffb4b90f000 	C:\WINDOWS\System32\fwpuclnt.dll

dbghelp: loaded successfully - version: 4.0.5 - missing functions: none
symbol engine: initialized successfully - sym options: 0x614 - pdb path: .;C:\sonar-scanner-4.7.0.2747-windows\jre\bin;C:\WINDOWS\SYSTEM32;C:\WINDOWS\WinSxS\amd64_microsoft.windows.common-controls_6595b64144ccf1df_6.0.19041.1110_none_60b5254171f9507e;C:\sonar-scanner-4.7.0.2747-windows\jre\bin\server

VM Arguments:
jvm_args: -Djava.awt.headless=true -Dscanner.home=C:\sonar-scanner-4.7.0.2747-windows\bin\.. -Dproject.home=C:\xampp\htdocs\PHPInVisualStudioCode 
java_command: org.sonarsource.scanner.cli.Main
java_class_path (initial): C:\sonar-scanner-4.7.0.2747-windows\bin\..\lib\sonar-scanner-cli-4.7.0.2747.jar
Launcher Type: SUN_STANDARD

[Global flags]
     intx CICompilerCount                          = 4                                         {product} {ergonomic}
     uint ConcGCThreads                            = 2                                         {product} {ergonomic}
     uint G1ConcRefinementThreads                  = 8                                         {product} {ergonomic}
   size_t G1HeapRegionSize                         = 1048576                                   {product} {ergonomic}
    uintx GCDrainStackTargetSize                   = 64                                        {product} {ergonomic}
   size_t InitialHeapSize                          = 134217728                                 {product} {ergonomic}
   size_t MarkStackSize                            = 4194304                                   {product} {ergonomic}
   size_t MaxHeapSize                              = 2118123520                                {product} {ergonomic}
   size_t MaxNewSize                               = 1270874112                                {product} {ergonomic}
   size_t MinHeapDeltaBytes                        = 1048576                                   {product} {ergonomic}
    uintx NonNMethodCodeHeapSize                   = 5836300                                {pd product} {ergonomic}
    uintx NonProfiledCodeHeapSize                  = 122910970                              {pd product} {ergonomic}
    uintx ProfiledCodeHeapSize                     = 122910970                              {pd product} {ergonomic}
    uintx ReservedCodeCacheSize                    = 251658240                              {pd product} {ergonomic}
     bool SegmentedCodeCache                       = true                                      {product} {ergonomic}
     bool UseCompressedClassPointers               = true                                 {lp64_product} {ergonomic}
     bool UseCompressedOops                        = true                                 {lp64_product} {ergonomic}
     bool UseG1GC                                  = true                                      {product} {ergonomic}
     bool UseLargePagesIndividualAllocation        = false                                  {pd product} {ergonomic}

Logging:
Log output configuration:
 #0: stdout all=warning uptime,level,tags
 #1: stderr all=off uptime,level,tags

Environment Variables:
JAVA_HOME=C:\sonar-scanner-4.7.0.2747-windows\bin\..\jre
PATH=G:\VMware\bin\;C:\Program Files\Java\jdk-11.0.7\bin;C:\Program Files\Common Files\Oracle\Java\javapath;C:\Program Files \Common Files\Oracle\Java\javapath;C:\Program Files\Microsoft MPI\Bin\;C:\Program Files\Java\jre1.8.0_291\bin;C:\windows\system32;C:\windows;C:\windows\System32\Wbem;C:\windows\System32\WindowsPowerShell\v1.0\;C:\windows\System32\OpenSSH\;C:\Program Files\Java\jre1.8.0_291\bin;C:\Program Files (x86)\NVIDIA Corporation\PhysX\Common;C:\WINDOWS\system32\config\systemprofile\.dnx\bin;C:\Program Files\Microsoft DNX\Dnvm\;C:\Program Files (x86)\Windows Kits\8.1\Windows Performance Toolkit\;C:\WINDOWS\system32;C:\WINDOWS;C:\WINDOWS\System32\Wbem;C:\WINDOWS\System32\WindowsPowerShell\v1.0\;C:\WINDOWS\System32\OpenSSH\;C:\Program Files (x86)\Microsoft SQL Server\150\DTS\Binn\;C:\Program Files\Microsoft SQL Server\Client SDK\ODBC\170\Tools\Binn\;C:\Program Files (x86)\Microsoft SQL Server\150\Tools\Binn\;C:\Program Files\Microsoft SQL Server\150\Tools\Binn\;C:\Program Files\Microsoft SQL Server\150\DTS\Binn\;C:\Program Files (x86)\Filestar;C:\Users\Maneka Wijesundara\AppData\Roaming\Filestar\aliases;C:\Program Files\Maven\apache-maven-3.8.4\bin;C:\Program Files\Git\cmd;C:\Program Files\Java\jdk-11.0.7\bin;C:\sonar-scanner-4.7.0.2747-windows\bin;C:\xampp\php;C:\Program Files (x86)\dotnet\;C:\Program Files\MySQL\MySQL Shell 8.0\bin\;C:\Users\Maneka Wijesundara\AppData\Local\Programs\Python\Python39\Scripts\;C:\Users\Maneka Wijesundara\AppData\Local\Programs\Python\Python39\;C:\Program Files\Java\jre1.8.0_291\bin;C:\Users\Maneka Wijesundara\AppData\Local\Microsoft\WindowsApps;C:\Users\Maneka Wijesundara\AppData\Local\Programs\Microsoft VS Code\bin
USERNAME=Maneka Wijesundara
OS=Windows_NT
PROCESSOR_IDENTIFIER=Intel64 Family 6 Model 142 Stepping 11, GenuineIntel



---------------  S Y S T E M  ---------------

OS: Windows 10 , 64 bit Build 19041 (10.0.19041.1503)
OS uptime: 0 days 2:41 hours

CPU:total 8 (initial active 8) (4 cores per cpu, 2 threads per core) family 6 model 142 stepping 11 microcode 0xae, cmov, cx8, fxsr, mmx, sse, sse2, sse3, ssse3, sse4.1, sse4.2, popcnt, avx, avx2, aes, clmul, erms, 3dnowpref, lzcnt, ht, tsc, tscinvbit, bmi1, bmi2, adx, fma

Memory: 4k page, system-wide physical 8078M (895M free)
TotalPageFile size 12078M (AvailPageFile size 5M)
current process WorkingSet (physical memory assigned to process): 208M, peak: 208M
current process commit charge ("private bytes"): 295M, peak: 295M

vm_info: OpenJDK 64-Bit Server VM (11.0.14.1+1) for windows-amd64 JRE (11.0.14.1+1), built on Feb  9 2022 01:48:27 by "" with unknown MS VC++:1916

END.
